
> tpl@0.1.0 dev
> vite dev

3:07:32 PM [vite] (client) Forced re-optimization of dependencies

  VITE v6.4.1  ready in 1534 ms

  ➜  Local:   http://localhost:1420/
3:08:33 PM [vite-plugin-svelte] src/lib/components/ReorderableList.svelte:24:28 This reference only captures the initial value of `wrappedItems`. Did you mean to reference it inside a closure instead?
https://svelte.dev/e/state_referenced_locally
3:08:34 PM [vite-plugin-svelte] src/lib/services/DynamoDB.svelte:876:24 A form label must be associated with a control
https://svelte.dev/e/a11y_label_has_associated_control
3:08:34 PM [vite-plugin-svelte] src/lib/services/DynamoDB.svelte:880:24 A form label must be associated with a control
https://svelte.dev/e/a11y_label_has_associated_control
3:08:34 PM [vite-plugin-svelte] src/lib/services/DynamoDB.svelte:907:24 A form label must be associated with a control
https://svelte.dev/e/a11y_label_has_associated_control
3:08:34 PM [vite-plugin-svelte] src/lib/services/SQS.svelte:432:24 A form label must be associated with a control
https://svelte.dev/e/a11y_label_has_associated_control
3:08:34 PM [vite-plugin-svelte] src/lib/services/SQS.svelte:449:24 A form label must be associated with a control
https://svelte.dev/e/a11y_label_has_associated_control
3:08:34 PM [vite-plugin-svelte] src/lib/services/SQS.svelte:470:28 A form label must be associated with a control
https://svelte.dev/e/a11y_label_has_associated_control
3:08:34 PM [vite-plugin-svelte] src/lib/services/SQS.svelte:481:28 A form label must be associated with a control
https://svelte.dev/e/a11y_label_has_associated_control
3:08:34 PM [vite-plugin-svelte] src/lib/services/SQS.svelte:492:28 A form label must be associated with a control
https://svelte.dev/e/a11y_label_has_associated_control
3:08:34 PM [vite-plugin-svelte] src/lib/services/SQS.svelte:503:28 A form label must be associated with a control
https://svelte.dev/e/a11y_label_has_associated_control
3:08:34 PM [vite-plugin-svelte] src/lib/services/SQS.svelte:514:28 A form label must be associated with a control
https://svelte.dev/e/a11y_label_has_associated_control
3:08:34 PM [vite-plugin-svelte] src/lib/services/SQS.svelte:733:36 A form label must be associated with a control
https://svelte.dev/e/a11y_label_has_associated_control
3:08:34 PM [vite-plugin-svelte] src/lib/services/SQS.svelte:746:36 A form label must be associated with a control
https://svelte.dev/e/a11y_label_has_associated_control
3:08:34 PM [vite-plugin-svelte] src/lib/services/SQS.svelte:759:36 A form label must be associated with a control
https://svelte.dev/e/a11y_label_has_associated_control
3:08:34 PM [vite-plugin-svelte] src/lib/services/SQS.svelte:772:36 A form label must be associated with a control
https://svelte.dev/e/a11y_label_has_associated_control
3:08:34 PM [vite-plugin-svelte] src/lib/services/SQS.svelte:785:36 A form label must be associated with a control
https://svelte.dev/e/a11y_label_has_associated_control
3:15:04 PM [vite] (client) page reload .svelte-kit/generated/client/nodes/0.js
3:15:04 PM [vite] (client) page reload .svelte-kit/generated/client/nodes/1.js
3:15:04 PM [vite] (client) page reload .svelte-kit/generated/client/nodes/2.js
3:15:04 PM [vite] (client) page reload .svelte-kit/generated/client/app.js
3:15:04 PM [vite] (client) page reload .svelte-kit/generated/client/matchers.js
3:15:04 PM [vite] (ssr) page reload .svelte-kit/generated/server/internal.js
3:15:04 PM [vite] (client) page reload .svelte-kit/generated/root.js
3:15:04 PM [vite] (ssr) page reload .svelte-kit/generated/root.js
3:15:23 PM [vite] (client) page reload build/index.html
