
> tpl@0.1.0 dev
> vite dev

▲ [WARNING] Cannot find base config file "./.svelte-kit/tsconfig.json" [tsconfig.json]

    tsconfig.json:2:13:
      2 │   "extends": "./.svelte-kit/tsconfig.json",
        ╵              ~~~~~~~~~~~~~~~~~~~~~~~~~~~~~

4:30:11 PM [vite] (client) Forced re-optimization of dependencies

  VITE v6.4.1  ready in 1812 ms

  ➜  Local:   http://localhost:1420/
4:30:39 PM [vite-plugin-svelte] src/lib/components/ReorderableList.svelte:24:28 This reference only captures the initial value of `wrappedItems`. Did you mean to reference it inside a closure instead?
https://svelte.dev/e/state_referenced_locally
4:30:40 PM [vite-plugin-svelte] src/lib/services/S3.svelte:1258:32 A form label must be associated with a control
https://svelte.dev/e/a11y_label_has_associated_control
4:30:40 PM [vite-plugin-svelte] src/lib/services/S3.svelte:1263:32 A form label must be associated with a control
https://svelte.dev/e/a11y_label_has_associated_control
4:30:40 PM [vite-plugin-svelte] src/lib/services/S3.svelte:1269:32 A form label must be associated with a control
https://svelte.dev/e/a11y_label_has_associated_control
4:30:40 PM [vite-plugin-svelte] src/lib/services/S3.svelte:1275:32 A form label must be associated with a control
https://svelte.dev/e/a11y_label_has_associated_control
4:30:40 PM [vite-plugin-svelte] src/lib/services/S3.svelte:1292:32 A form label must be associated with a control
https://svelte.dev/e/a11y_label_has_associated_control
4:30:40 PM [vite-plugin-svelte] src/lib/services/S3.svelte:1309:32 A form label must be associated with a control
https://svelte.dev/e/a11y_label_has_associated_control
4:30:40 PM [vite-plugin-svelte] src/lib/services/DynamoDB.svelte:1369:24 A form label must be associated with a control
https://svelte.dev/e/a11y_label_has_associated_control
4:30:40 PM [vite-plugin-svelte] src/lib/services/DynamoDB.svelte:1373:24 A form label must be associated with a control
https://svelte.dev/e/a11y_label_has_associated_control
4:30:40 PM [vite-plugin-svelte] src/lib/services/DynamoDB.svelte:1400:24 A form label must be associated with a control
https://svelte.dev/e/a11y_label_has_associated_control
4:30:40 PM [vite-plugin-svelte] src/lib/services/DynamoDB.svelte:1407:24 A form label must be associated with a control
https://svelte.dev/e/a11y_label_has_associated_control
4:30:40 PM [vite-plugin-svelte] src/lib/services/DynamoDB.svelte:1524:24 A form label must be associated with a control
https://svelte.dev/e/a11y_label_has_associated_control
4:30:40 PM [vite-plugin-svelte] src/lib/services/DynamoDB.svelte:1533:32 A form label must be associated with a control
https://svelte.dev/e/a11y_label_has_associated_control
4:30:40 PM [vite-plugin-svelte] src/lib/services/DynamoDB.svelte:1537:32 A form label must be associated with a control
https://svelte.dev/e/a11y_label_has_associated_control
4:30:40 PM [vite-plugin-svelte] src/lib/services/DynamoDB.svelte:1562:24 A form label must be associated with a control
https://svelte.dev/e/a11y_label_has_associated_control
4:30:40 PM [vite-plugin-svelte] src/lib/services/DynamoDB.svelte:1566:24 A form label must be associated with a control
https://svelte.dev/e/a11y_label_has_associated_control
4:30:40 PM [vite-plugin-svelte] src/lib/services/DynamoDB.svelte:1593:24 A form label must be associated with a control
https://svelte.dev/e/a11y_label_has_associated_control
4:30:41 PM [vite-plugin-svelte] src/lib/services/SQS.svelte:774:40 A form label must be associated with a control
https://svelte.dev/e/a11y_label_has_associated_control
4:33:23 PM [vite] (client) hmr update /src/lib/services/CloudWatch.svelte, /src/app.css
4:33:33 PM [vite] (client) hmr update /src/lib/services/CloudWatch.svelte, /src/app.css
4:33:38 PM [vite] (client) hmr update /src/lib/services/CloudWatch.svelte, /src/app.css
4:33:58 PM [vite] (client) hmr update /src/lib/services/CloudWatch.svelte, /src/app.css
4:34:25 PM [vite] (client) hmr update /src/lib/services/CloudWatch.svelte, /src/app.css
4:34:34 PM [vite] (client) hmr update /src/lib/services/CloudWatch.svelte, /src/app.css
4:36:22 PM [vite] (client) hmr update /src/lib/services/CloudWatch.svelte, /src/app.css
4:36:35 PM [vite] (client) hmr update /src/lib/services/CloudWatch.svelte, /src/app.css
4:36:43 PM [vite] (client) hmr update /src/lib/services/CloudWatch.svelte, /src/app.css
4:37:01 PM [vite] (client) hmr update /src/lib/services/CloudWatch.svelte, /src/app.css
4:37:07 PM [vite] (client) hmr update /src/lib/services/CloudWatch.svelte, /src/app.css
4:37:38 PM [vite] (client) hmr update /src/lib/services/CloudWatch.svelte, /src/app.css
4:37:45 PM [vite] (client) hmr update /src/lib/services/CloudWatch.svelte, /src/app.css
